#
# There is insufficient memory for the Java Runtime Environment to continue.
# Native memory allocation (mmap) failed to map 42991616 bytes for Failed to commit area from 0x000000008ac00000 to 0x000000008d500000 of length 42991616.
# Possible reasons:
#   The system is out of physical RAM or swap space
#   The process is running with CompressedOops enabled, and the Java Heap may be blocking the growth of the native heap
# Possible solutions:
#   Reduce memory load on the system
#   Increase physical memory or swap space
#   Check if swap backing store is full
#   Decrease Java heap size (-Xmx/-Xms)
#   Decrease number of Java threads
#   Decrease Java thread stack sizes (-Xss)
#   Set larger code cache with -XX:ReservedCodeCacheSize=
#   JVM is running with Unscaled Compressed Oops mode in which the Java heap is
#     placed in the first 4GB address space. The Java Heap base address is the
#     maximum limit for the native heap growth. Please use -XX:HeapBaseMinAddress
#     to set the Java Heap base and to place the Java Heap above 4GB virtual address.
# This output file may be truncated or incomplete.
#
#  Out of Memory Error (./src/hotspot/os/windows/os_windows.cpp:3311), pid=7264, tid=3536
#
# JRE version: OpenJDK Runtime Environment Corretto-11.0.13.8.1 (11.0.13+8) (build 11.0.13+8-LTS)
# Java VM: OpenJDK 64-Bit Server VM Corretto-11.0.13.8.1 (11.0.13+8-LTS, mixed mode, tiered, compressed oops, g1 gc, windows-amd64)
# No core dump will be written. Minidumps are not enabled by default on client versions of Windows
#

---------------  S U M M A R Y ------------

Command Line: -XX:TieredStopAtLevel=1 -Xverify:none -Dspring.output.ansi.enabled=always -Dcom.sun.management.jmxremote -Dspring.jmx.enabled=true -Dspring.liveBeansView.mbeanDomain -Dspring.application.admin.enabled=true -javaagent:C:\Users\Max\AppData\Local\JetBrains\Toolbox\apps\IDEA-U\ch-0\222.4167.29\lib\idea_rt.jar=54329:C:\Users\Max\AppData\Local\JetBrains\Toolbox\apps\IDEA-U\ch-0\222.4167.29\bin -Dfile.encoding=UTF-8 prohvataeva.sqlorm_hibernate_dao.SqlOrmHibernateDaoApplication

Host: Intel(R) Core(TM) i3-4030U CPU @ 1.90GHz, 4 cores, 7G,  Windows 8.1 , 64 bit Build 9600 (6.3.9600.20625)
Time: Tue Nov 22 16:27:00 2022 RTZ 2 (ceia) elapsed time: 6.639370 seconds (0d 0h 0m 6s)

---------------  T H R E A D  ---------------

Current thread (0x000000bb5f531800):  VMThread "VM Thread" [stack: 0x000000bb60360000,0x000000bb60460000] [id=3536]

Stack: [0x000000bb60360000,0x000000bb60460000]
[error occurred during error reporting (printing stack bounds), id 0xc0000005, EXCEPTION_ACCESS_VIOLATION (0xc0000005) at pc=0x000000bb491a112d]

Native frames: (J=compiled Java code, j=interpreted, Vv=VM code, C=native code)
V  [jvm.dll+0x61ccaa]
V  [jvm.dll+0x7a9839]
V  [jvm.dll+0x7aaeff]
V  [jvm.dll+0x7ab535]
V  [jvm.dll+0x7ab4eb]
V  [jvm.dll+0x61c193]
V  [jvm.dll+0x61c8a8]
C  [ntdll.dll+0x92f3d]
C  [ntdll.dll+0x54557]
C  [ntdll.dll+0x920ca]
C  0x000000bb491a112d

VM_Operation (0x000000bb4024bf60): G1CollectForAllocation, mode: safepoint, requested by thread 0x000000bb40ab0800


---------------  P R O C E S S  ---------------

Threads class SMR info:
_java_thread_list=0x000000bb63959880, length=17, elements={
0x000000bb40ab0800, 0x000000bb5ff63000, 0x000000bb5ff6c000, 0x000000bb5ffbd800,
0x000000bb5ffbe800, 0x000000bb5ffc0800, 0x000000bb5ffc7000, 0x000000bb5ffcb800,
0x000000bb600f6000, 0x000000bb60e11800, 0x000000bb60fef800, 0x000000bb63586800,
0x000000bb635dc800, 0x000000bb635de800, 0x000000bb635e7000, 0x000000bb63738800,
0x000000bb637ee800
}

Java Threads: ( => current thread )
  0x000000bb40ab0800 JavaThread "main" [_thread_blocked, id=4320, stack(0x000000bb40150000,0x000000bb40250000)]
  0x000000bb5ff63000 JavaThread "Reference Handler" daemon [_thread_blocked, id=5256, stack(0x000000bb60460000,0x000000bb60560000)]
  0x000000bb5ff6c000 JavaThread "Finalizer" daemon [_thread_blocked, id=7500, stack(0x000000bb60560000,0x000000bb60660000)]
  0x000000bb5ffbd800 JavaThread "Signal Dispatcher" daemon [_thread_blocked, id=7484, stack(0x000000bb60740000,0x000000bb60840000)]
  0x000000bb5ffbe800 JavaThread "Attach Listener" daemon [_thread_blocked, id=6504, stack(0x000000bb60840000,0x000000bb60940000)]
  0x000000bb5ffc0800 JavaThread "Service Thread" daemon [_thread_blocked, id=7256, stack(0x000000bb60940000,0x000000bb60a40000)]
  0x000000bb5ffc7000 JavaThread "C1 CompilerThread0" daemon [_thread_blocked, id=1916, stack(0x000000bb60a40000,0x000000bb60b40000)]
  0x000000bb5ffcb800 JavaThread "Sweeper thread" daemon [_thread_blocked, id=7576, stack(0x000000bb60b40000,0x000000bb60c40000)]
  0x000000bb600f6000 JavaThread "Common-Cleaner" daemon [_thread_blocked, id=6700, stack(0x000000bb60c40000,0x000000bb60d40000)]
  0x000000bb60e11800 JavaThread "Monitor Ctrl-Break" daemon [_thread_in_native, id=3620, stack(0x000000bb61540000,0x000000bb61640000)]
  0x000000bb60fef800 JavaThread "RMI TCP Accept-0" daemon [_thread_in_native, id=7404, stack(0x000000bb61b20000,0x000000bb61c20000)]
  0x000000bb63586800 JavaThread "Catalina-utility-1" [_thread_blocked, id=6576, stack(0x000000bb63ce0000,0x000000bb63de0000)]
  0x000000bb635dc800 JavaThread "Catalina-utility-2" [_thread_blocked, id=5804, stack(0x000000bb64ae0000,0x000000bb64be0000)]
  0x000000bb635de800 JavaThread "container-0" [_thread_blocked, id=5160, stack(0x000000bb64be0000,0x000000bb64ce0000)]
  0x000000bb635e7000 JavaThread "mysql-cj-abandoned-connection-cleanup" daemon [_thread_blocked, id=592, stack(0x000000bb64ce0000,0x000000bb64de0000)]
  0x000000bb63738800 JavaThread "HikariPool-1 housekeeper" daemon [_thread_blocked, id=6480, stack(0x000000bb658e0000,0x000000bb659e0000)]
  0x000000bb637ee800 JavaThread "HikariPool-1 connection adder" daemon [_thread_blocked, id=3324, stack(0x000000bb659e0000,0x000000bb65ae0000)]

Other Threads:
=>0x000000bb5f531800 VMThread "VM Thread" [stack: 0x000000bb60360000,0x000000bb60460000] [id=3536]
  0x000000bb60fe7000 WatcherThread [stack: 0x000000bb61d20000,0x000000bb61e20000] [id=6656]
  0x000000bb40aca000 GCTaskThread "GC Thread#0" [stack: 0x000000bb40460000,0x000000bb40560000] [id=3112]
  0x000000bb610e2800 GCTaskThread "GC Thread#1" [stack: 0x000000bb62410000,0x000000bb62510000] [id=132]
  0x000000bb610e3000 GCTaskThread "GC Thread#2" [stack: 0x000000bb62510000,0x000000bb62610000] [id=5368]
  0x000000bb62e65800 GCTaskThread "GC Thread#3" [stack: 0x000000bb63fe0000,0x000000bb640e0000] [id=5720]
  0x000000bb40af6000 ConcurrentGCThread "G1 Main Marker" [stack: 0x000000bb5cd20000,0x000000bb5ce20000] [id=5284]
  0x000000bb40af7800 ConcurrentGCThread "G1 Conc#0" [stack: 0x000000bb5ce20000,0x000000bb5cf20000] [id=1312]
  0x000000bb5f39d800 ConcurrentGCThread "G1 Refine#0" [stack: 0x000000bb5f560000,0x000000bb5f660000] [id=4244]
  0x000000bb60260800 ConcurrentGCThread "G1 Refine#1" [stack: 0x000000bb62610000,0x000000bb62710000] [id=7524]
  0x000000bb5f39e000 ConcurrentGCThread "G1 Young RemSet Sampling" [stack: 0x000000bb5f660000,0x000000bb5f760000] [id=6940]

Threads with active compile tasks:

VM state:at safepoint (normal execution)

VM Mutex/Monitor currently owned by a thread:  ([mutex/lock_event])
[0x000000bb40aacce0] Threads_lock - owner thread: 0x000000bb5f531800
[0x000000bb40aac500] Heap_lock - owner thread: 0x000000bb40ab0800

Heap address: 0x0000000081200000, size: 2030 MB, Compressed Oops mode: 32-bit
Narrow klass base: 0x0000000000000000, Narrow klass shift: 3
Compressed class space size: 1073741824 Address: 0x0000000100000000

Heap:
 garbage-first heap   total 199680K, used 20564K [0x0000000081200000, 0x0000000100000000)
  region size 1024K, 11 young (11264K), 11 survivors (11264K)
 Metaspace       used 51278K, capacity 52666K, committed 52816K, reserved 1095680K
  class space    used 6589K, capacity 7155K, committed 7168K, reserved 1048576K
Heap Regions: E=young(eden), S=young(survivor), O=old, HS=humongous(starts), HC=humongous(continues), CS=collection set, F=free, A=archive, TAMS=top-at-mark-start (previous, next)
|   0|0x0000000081200000, 0x0000000081300000, 0x0000000081300000|100%|HS|  |TAMS 0x0000000081300000, 0x0000000081300000| Complete 
|   1|0x0000000081300000, 0x0000000081400000, 0x0000000081400000|100%| O|  |TAMS 0x0000000081400000, 0x0000000081400000| Untracked 
|   2|0x0000000081400000, 0x0000000081500000, 0x0000000081500000|100%| O|  |TAMS 0x0000000081500000, 0x0000000081500000| Untracked 
|   3|0x0000000081500000, 0x0000000081600000, 0x0000000081600000|100%| O|  |TAMS 0x0000000081600000, 0x0000000081600000| Untracked 
|   4|0x0000000081600000, 0x0000000081700000, 0x0000000081700000|100%| O|  |TAMS 0x0000000081700000, 0x0000000081700000| Untracked 
|   5|0x0000000081700000, 0x0000000081800000, 0x0000000081800000|100%| O|  |TAMS 0x0000000081800000, 0x0000000081800000| Untracked 
|   6|0x0000000081800000, 0x0000000081900000, 0x0000000081900000|100%| O|  |TAMS 0x0000000081900000, 0x0000000081900000| Untracked 
|   7|0x0000000081900000, 0x0000000081a00000, 0x0000000081a00000|100%| O|  |TAMS 0x0000000081a00000, 0x0000000081a00000| Untracked 
|   8|0x0000000081a00000, 0x0000000081b00000, 0x0000000081b00000|100%| O|  |TAMS 0x0000000081a33800, 0x0000000081b00000| Untracked 
|   9|0x0000000081b00000, 0x0000000081b15000, 0x0000000081c00000|  8%| O|  |TAMS 0x0000000081b00000, 0x0000000081b15000| Untracked 
|  10|0x0000000081c00000, 0x0000000081c00000, 0x0000000081d00000|  0%| F|  |TAMS 0x0000000081c00000, 0x0000000081c00000| Untracked 
|  11|0x0000000081d00000, 0x0000000081d00000, 0x0000000081e00000|  0%| F|  |TAMS 0x0000000081d00000, 0x0000000081d00000| Untracked 
|  12|0x0000000081e00000, 0x0000000081e00000, 0x0000000081f00000|  0%| F|  |TAMS 0x0000000081e00000, 0x0000000081e00000| Untracked 
|  13|0x0000000081f00000, 0x0000000081f00000, 0x0000000082000000|  0%| F|  |TAMS 0x0000000081f00000, 0x0000000081f00000| Untracked 
|  14|0x0000000082000000, 0x0000000082000000, 0x0000000082100000|  0%| F|  |TAMS 0x0000000082000000, 0x0000000082000000| Untracked 
|  15|0x0000000082100000, 0x0000000082100000, 0x0000000082200000|  0%| F|  |TAMS 0x0000000082100000, 0x0000000082100000| Untracked 
|  16|0x0000000082200000, 0x0000000082200000, 0x0000000082300000|  0%| F|  |TAMS 0x0000000082200000, 0x0000000082200000| Untracked 
|  17|0x0000000082300000, 0x0000000082300000, 0x0000000082400000|  0%| F|  |TAMS 0x0000000082300000, 0x0000000082300000| Untracked 
|  18|0x0000000082400000, 0x0000000082400000, 0x0000000082500000|  0%| F|  |TAMS 0x0000000082400000, 0x0000000082400000| Untracked 
|  19|0x0000000082500000, 0x0000000082500000, 0x0000000082600000|  0%| F|  |TAMS 0x0000000082500000, 0x0000000082500000| Untracked 
|  20|0x0000000082600000, 0x0000000082600000, 0x0000000082700000|  0%| F|  |TAMS 0x0000000082600000, 0x0000000082600000| Untracked 
|  21|0x0000000082700000, 0x0000000082700000, 0x0000000082800000|  0%| F|  |TAMS 0x0000000082700000, 0x0000000082700000| Untracked 
|  22|0x0000000082800000, 0x0000000082800000, 0x0000000082900000|  0%| F|  |TAMS 0x0000000082800000, 0x0000000082800000| Untracked 
|  23|0x0000000082900000, 0x0000000082900000, 0x0000000082a00000|  0%| F|  |TAMS 0x0000000082900000, 0x0000000082900000| Untracked 
|  24|0x0000000082a00000, 0x0000000082a00000, 0x0000000082b00000|  0%| F|  |TAMS 0x0000000082a00000, 0x0000000082a00000| Untracked 
|  25|0x0000000082b00000, 0x0000000082b00000, 0x0000000082c00000|  0%| F|  |TAMS 0x0000000082b00000, 0x0000000082b00000| Untracked 
|  26|0x0000000082c00000, 0x0000000082c00000, 0x0000000082d00000|  0%| F|  |TAMS 0x0000000082c00000, 0x0000000082c00000| Untracked 
|  27|0x0000000082d00000, 0x0000000082d00000, 0x0000000082e00000|  0%| F|  |TAMS 0x0000000082d00000, 0x0000000082d00000| Untracked 
|  28|0x0000000082e00000, 0x0000000082e00000, 0x0000000082f00000|  0%| F|  |TAMS 0x0000000082e00000, 0x0000000082e00000| Untracked 
|  29|0x0000000082f00000, 0x0000000082f00000, 0x0000000083000000|  0%| F|  |TAMS 0x0000000082f00000, 0x0000000082f00000| Untracked 
|  30|0x0000000083000000, 0x0000000083000000, 0x0000000083100000|  0%| F|  |TAMS 0x0000000083000000, 0x0000000083000000| Untracked 
|  31|0x0000000083100000, 0x0000000083100000, 0x0000000083200000|  0%| F|  |TAMS 0x0000000083100000, 0x0000000083100000| Untracked 
|  32|0x0000000083200000, 0x0000000083200000, 0x0000000083300000|  0%| F|  |TAMS 0x0000000083200000, 0x0000000083200000| Untracked 
|  33|0x0000000083300000, 0x0000000083300000, 0x0000000083400000|  0%| F|  |TAMS 0x0000000083300000, 0x0000000083300000| Untracked 
|  34|0x0000000083400000, 0x0000000083400000, 0x0000000083500000|  0%| F|  |TAMS 0x0000000083400000, 0x0000000083400000| Untracked 
|  35|0x0000000083500000, 0x0000000083500000, 0x0000000083600000|  0%| F|  |TAMS 0x0000000083500000, 0x0000000083500000| Untracked 
|  36|0x0000000083600000, 0x0000000083600000, 0x0000000083700000|  0%| F|  |TAMS 0x0000000083600000, 0x0000000083600000| Untracked 
|  37|0x0000000083700000, 0x0000000083700000, 0x0000000083800000|  0%| F|  |TAMS 0x0000000083700000, 0x0000000083700000| Untracked 
|  38|0x0000000083800000, 0x0000000083800000, 0x0000000083900000|  0%| F|  |TAMS 0x0000000083800000, 0x0000000083800000| Untracked 
|  39|0x0000000083900000, 0x0000000083900000, 0x0000000083a00000|  0%| F|  |TAMS 0x0000000083900000, 0x0000000083900000| Untracked 
|  40|0x0000000083a00000, 0x0000000083a00000, 0x0000000083b00000|  0%| F|  |TAMS 0x0000000083a00000, 0x0000000083a00000| Untracked 
|  41|0x0000000083b00000, 0x0000000083b00000, 0x0000000083c00000|  0%| F|  |TAMS 0x0000000083b00000, 0x0000000083b00000| Untracked 
|  42|0x0000000083c00000, 0x0000000083c00000, 0x0000000083d00000|  0%| F|  |TAMS 0x0000000083c00000, 0x0000000083c00000| Untracked 
|  43|0x0000000083d00000, 0x0000000083d00000, 0x0000000083e00000|  0%| F|  |TAMS 0x0000000083d00000, 0x0000000083d00000| Untracked 
|  44|0x0000000083e00000, 0x0000000083e00000, 0x0000000083f00000|  0%| F|  |TAMS 0x0000000083e00000, 0x0000000083e00000| Untracked 
|  45|0x0000000083f00000, 0x0000000083f00000, 0x0000000084000000|  0%| F|  |TAMS 0x0000000083f00000, 0x0000000083f00000| Untracked 
|  46|0x0000000084000000, 0x0000000084000000, 0x0000000084100000|  0%| F|  |TAMS 0x0000000084000000, 0x0000000084000000| Untracked 
|  47|0x0000000084100000, 0x0000000084100000, 0x0000000084200000|  0%| F|  |TAMS 0x0000000084100000, 0x0000000084100000| Untracked 
|  48|0x0000000084200000, 0x0000000084200000, 0x0000000084300000|  0%| F|  |TAMS 0x0000000084200000, 0x0000000084200000| Untracked 
|  49|0x0000000084300000, 0x0000000084300000, 0x0000000084400000|  0%| F|  |TAMS 0x0000000084300000, 0x0000000084300000| Untracked 
|  50|0x0000000084400000, 0x0000000084400000, 0x0000000084500000|  0%| F|  |TAMS 0x0000000084400000, 0x0000000084400000| Untracked 
|  51|0x0000000084500000, 0x0000000084600000, 0x0000000084600000|100%| S|CS|TAMS 0x0000000084500000, 0x0000000084500000| Complete 
|  52|0x0000000084600000, 0x0000000084700000, 0x0000000084700000|100%| S|CS|TAMS 0x0000000084600000, 0x0000000084600000| Complete 
|  53|0x0000000084700000, 0x0000000084800000, 0x0000000084800000|100%| S|CS|TAMS 0x0000000084700000, 0x0000000084700000| Complete 
|  54|0x0000000084800000, 0x0000000084900000, 0x0000000084900000|100%| S|CS|TAMS 0x0000000084800000, 0x0000000084800000| Complete 
|  55|0x0000000084900000, 0x0000000084a00000, 0x0000000084a00000|100%| S|CS|TAMS 0x0000000084900000, 0x0000000084900000| Complete 
|  56|0x0000000084a00000, 0x0000000084b00000, 0x0000000084b00000|100%| S|CS|TAMS 0x0000000084a00000, 0x0000000084a00000| Complete 
|  57|0x0000000084b00000, 0x0000000084c00000, 0x0000000084c00000|100%| S|CS|TAMS 0x0000000084b00000, 0x0000000084b00000| Complete 
|  58|0x0000000084c00000, 0x0000000084d00000, 0x0000000084d00000|100%| S|CS|TAMS 0x0000000084c00000, 0x0000000084c00000| Complete 
|  59|0x0000000084d00000, 0x0000000084e00000, 0x0000000084e00000|100%| S|CS|TAMS 0x0000000084d00000, 0x0000000084d00000| Complete 
|  60|0x0000000084e00000, 0x0000000084f00000, 0x0000000084f00000|100%| S|CS|TAMS 0x0000000084e00000, 0x0000000084e00000| Complete 
|  61|0x0000000084f00000, 0x0000000085000000, 0x0000000085000000|100%| S|CS|TAMS 0x0000000084f00000, 0x0000000084f00000| Complete 
|  62|0x0000000085000000, 0x0000000085000000, 0x0000000085100000|  0%| F|  |TAMS 0x0000000085000000, 0x0000000085000000| Untracked 
|  63|0x0000000085100000, 0x0000000085100000, 0x0000000085200000|  0%| F|  |TAMS 0x0000000085100000, 0x0000000085100000| Untracked 
|  64|0x0000000085200000, 0x0000000085200000, 0x0000000085300000|  0%| F|  |TAMS 0x0000000085200000, 0x0000000085200000| Untracked 
|  65|0x0000000085300000, 0x0000000085300000, 0x0000000085400000|  0%| F|  |TAMS 0x0000000085300000, 0x0000000085300000| Untracked 
|  66|0x0000000085400000, 0x0000000085400000, 0x0000000085500000|  0%| F|  |TAMS 0x0000000085400000, 0x0000000085400000| Untracked 
|  67|0x0000000085500000, 0x0000000085500000, 0x0000000085600000|  0%| F|  |TAMS 0x0000000085500000, 0x0000000085500000| Untracked 
|  68|0x0000000085600000, 0x0000000085600000, 0x0000000085700000|  0%| F|  |TAMS 0x0000000085600000, 0x0000000085600000| Untracked 
|  69|0x0000000085700000, 0x0000000085700000, 0x0000000085800000|  0%| F|  |TAMS 0x0000000085700000, 0x0000000085700000| Untracked 
|  70|0x0000000085800000, 0x0000000085800000, 0x0000000085900000|  0%| F|  |TAMS 0x0000000085800000, 0x0000000085800000| Untracked 
|  71|0x0000000085900000, 0x0000000085900000, 0x0000000085a00000|  0%| F|  |TAMS 0x0000000085900000, 0x0000000085900000| Untracked 
|  72|0x0000000085a00000, 0x0000000085a00000, 0x0000000085b00000|  0%| F|  |TAMS 0x0000000085a00000, 0x0000000085a00000| Untracked 
|  73|0x0000000085b00000, 0x0000000085b00000, 0x0000000085c00000|  0%| F|  |TAMS 0x0000000085b00000, 0x0000000085b00000| Untracked 
|  74|0x0000000085c00000, 0x0000000085c00000, 0x0000000085d00000|  0%| F|  |TAMS 0x0000000085c00000, 0x0000000085c00000| Untracked 
|  75|0x0000000085d00000, 0x0000000085d00000, 0x0000000085e00000|  0%| F|  |TAMS 0x0000000085d00000, 0x0000000085d00000| Untracked 
|  76|0x0000000085e00000, 0x0000000085e00000, 0x0000000085f00000|  0%| F|  |TAMS 0x0000000085e00000, 0x0000000085e00000| Untracked 
|  77|0x0000000085f00000, 0x0000000085f00000, 0x0000000086000000|  0%| F|  |TAMS 0x0000000085f00000, 0x0000000085f00000| Untracked 
|  78|0x0000000086000000, 0x0000000086000000, 0x0000000086100000|  0%| F|  |TAMS 0x0000000086000000, 0x0000000086000000| Untracked 
|  79|0x0000000086100000, 0x0000000086100000, 0x0000000086200000|  0%| F|  |TAMS 0x0000000086100000, 0x0000000086100000| Untracked 
|  80|0x0000000086200000, 0x0000000086200000, 0x0000000086300000|  0%| F|  |TAMS 0x0000000086200000, 0x0000000086200000| Untracked 
|  81|0x0000000086300000, 0x0000000086300000, 0x0000000086400000|  0%| F|  |TAMS 0x0000000086300000, 0x0000000086300000| Untracked 
|  82|0x0000000086400000, 0x0000000086400000, 0x0000000086500000|  0%| F|  |TAMS 0x0000000086400000, 0x0000000086400000| Untracked 
|  83|0x0000000086500000, 0x0000000086500000, 0x0000000086600000|  0%| F|  |TAMS 0x0000000086500000, 0x0000000086500000| Untracked 
|  84|0x0000000086600000, 0x0000000086600000, 0x0000000086700000|  0%| F|  |TAMS 0x0000000086600000, 0x0000000086600000| Untracked 
|  85|0x0000000086700000, 0x0000000086700000, 0x0000000086800000|  0%| F|  |TAMS 0x0000000086700000, 0x0000000086700000| Untracked 
|  86|0x0000000086800000, 0x0000000086800000, 0x0000000086900000|  0%| F|  |TAMS 0x0000000086800000, 0x0000000086800000| Untracked 
|  87|0x0000000086900000, 0x0000000086900000, 0x0000000086a00000|  0%| F|  |TAMS 0x0000000086900000, 0x0000000086900000| Untracked 
|  88|0x0000000086a00000, 0x0000000086a00000, 0x0000000086b00000|  0%| F|  |TAMS 0x0000000086a00000, 0x0000000086a00000| Untracked 
|  89|0x0000000086b00000, 0x0000000086b00000, 0x0000000086c00000|  0%| F|  |TAMS 0x0000000086b00000, 0x0000000086b00000| Untracked 
|  90|0x0000000086c00000, 0x0000000086c00000, 0x0000000086d00000|  0%| F|  |TAMS 0x0000000086c00000, 0x0000000086c00000| Untracked 
|  91|0x0000000086d00000, 0x0000000086d00000, 0x0000000086e00000|  0%| F|  |TAMS 0x0000000086d00000, 0x0000000086d00000| Untracked 
|  92|0x0000000086e00000, 0x0000000086e00000, 0x0000000086f00000|  0%| F|  |TAMS 0x0000000086e00000, 0x0000000086e00000| Untracked 
|  93|0x0000000086f00000, 0x0000000086f00000, 0x0000000087000000|  0%| F|  |TAMS 0x0000000086f00000, 0x0000000086f00000| Untracked 
|  94|0x0000000087000000, 0x0000000087000000, 0x0000000087100000|  0%| F|  |TAMS 0x0000000087000000, 0x0000000087000000| Untracked 
|  95|0x0000000087100000, 0x0000000087100000, 0x0000000087200000|  0%| F|  |TAMS 0x0000000087100000, 0x0000000087100000| Untracked 
|  96|0x0000000087200000, 0x0000000087200000, 0x0000000087300000|  0%| F|  |TAMS 0x0000000087200000, 0x0000000087200000| Untracked 
|  97|0x0000000087300000, 0x0000000087300000, 0x0000000087400000|  0%| F|  |TAMS 0x0000000087300000, 0x0000000087300000| Untracked 
|  98|0x0000000087400000, 0x0000000087400000, 0x0000000087500000|  0%| F|  |TAMS 0x0000000087400000, 0x0000000087400000| Untracked 
|  99|0x0000000087500000, 0x0000000087500000, 0x0000000087600000|  0%| F|  |TAMS 0x0000000087500000, 0x0000000087500000| Untracked 
| 100|0x0000000087600000, 0x0000000087600000, 0x0000000087700000|  0%| F|  |TAMS 0x0000000087600000, 0x0000000087600000| Untracked 
| 101|0x0000000087700000, 0x0000000087700000, 0x0000000087800000|  0%| F|  |TAMS 0x0000000087700000, 0x0000000087700000| Untracked 
| 102|0x0000000087800000, 0x0000000087800000, 0x0000000087900000|  0%| F|  |TAMS 0x0000000087800000, 0x0000000087800000| Untracked 
| 103|0x0000000087900000, 0x0000000087900000, 0x0000000087a00000|  0%| F|  |TAMS 0x0000000087900000, 0x0000000087900000| Untracked 
| 104|0x0000000087a00000, 0x0000000087a00000, 0x0000000087b00000|  0%| F|  |TAMS 0x0000000087a00000, 0x0000000087a00000| Untracked 
| 105|0x0000000087b00000, 0x0000000087b00000, 0x0000000087c00000|  0%| F|  |TAMS 0x0000000087b00000, 0x0000000087b00000| Untracked 
| 106|0x0000000087c00000, 0x0000000087c00000, 0x0000000087d00000|  0%| F|  |TAMS 0x0000000087c00000, 0x0000000087c00000| Untracked 
| 107|0x0000000087d00000, 0x0000000087d00000, 0x0000000087e00000|  0%| F|  |TAMS 0x0000000087d00000, 0x0000000087d00000| Untracked 
| 108|0x0000000087e00000, 0x0000000087e00000, 0x0000000087f00000|  0%| F|  |TAMS 0x0000000087e00000, 0x0000000087e00000| Untracked 
| 109|0x0000000087f00000, 0x0000000087f00000, 0x0000000088000000|  0%| F|  |TAMS 0x0000000087f00000, 0x0000000087f00000| Untracked 
| 110|0x0000000088000000, 0x0000000088000000, 0x0000000088100000|  0%| F|  |TAMS 0x0000000088000000, 0x0000000088000000| Untracked 
| 111|0x0000000088100000, 0x0000000088100000, 0x0000000088200000|  0%| F|  |TAMS 0x0000000088100000, 0x0000000088100000| Untracked 
| 112|0x0000000088200000, 0x0000000088200000, 0x0000000088300000|  0%| F|  |TAMS 0x0000000088200000, 0x0000000088200000| Untracked 
| 113|0x0000000088300000, 0x0000000088300000, 0x0000000088400000|  0%| F|  |TAMS 0x0000000088300000, 0x0000000088300000| Untracked 
| 114|0x0000000088400000, 0x0000000088400000, 0x0000000088500000|  0%| F|  |TAMS 0x0000000088400000, 0x0000000088400000| Untracked 
| 115|0x0000000088500000, 0x0000000088500000, 0x0000000088600000|  0%| F|  |TAMS 0x0000000088500000, 0x0000000088500000| Untracked 
| 116|0x0000000088600000, 0x0000000088600000, 0x0000000088700000|  0%| F|  |TAMS 0x0000000088600000, 0x0000000088600000| Untracked 
| 117|0x0000000088700000, 0x0000000088700000, 0x0000000088800000|  0%| F|  |TAMS 0x0000000088700000, 0x0000000088700000| Untracked 
| 118|0x0000000088800000, 0x0000000088800000, 0x0000000088900000|  0%| F|  |TAMS 0x0000000088800000, 0x0000000088800000| Untracked 
| 119|0x0000000088900000, 0x0000000088900000, 0x0000000088a00000|  0%| F|  |TAMS 0x0000000088900000, 0x0000000088900000| Untracked 
| 120|0x0000000088a00000, 0x0000000088a00000, 0x0000000088b00000|  0%| F|  |TAMS 0x0000000088a00000, 0x0000000088a00000| Untracked 
| 121|0x0000000088b00000, 0x0000000088b00000, 0x0000000088c00000|  0%| F|  |TAMS 0x0000000088b00000, 0x0000000088b00000| Untracked 
| 122|0x0000000088c00000, 0x0000000088c00000, 0x0000000088d00000|  0%| F|  |TAMS 0x0000000088c00000, 0x0000000088c00000| Untracked 
| 123|0x0000000088d00000, 0x0000000088d00000, 0x0000000088e00000|  0%| F|  |TAMS 0x0000000088d00000, 0x0000000088d00000| Untracked 
| 124|0x0000000088e00000, 0x0000000088e00000, 0x0000000088f00000|  0%| F|  |TAMS 0x0000000088e00000, 0x0000000088e00000| Untracked 
| 125|0x0000000088f00000, 0x0000000088f00000, 0x0000000089000000|  0%| F|  |TAMS 0x0000000088f00000, 0x0000000088f00000| Untracked 
| 126|0x0000000089000000, 0x0000000089000000, 0x0000000089100000|  0%| F|  |TAMS 0x0000000089000000, 0x0000000089000000| Untracked 
| 127|0x0000000089100000, 0x0000000089100000, 0x0000000089200000|  0%| F|  |TAMS 0x0000000089100000, 0x0000000089100000| Untracked 
| 128|0x0000000089200000, 0x0000000089200000, 0x0000000089300000|  0%| F|  |TAMS 0x0000000089200000, 0x0000000089200000| Untracked 
| 129|0x0000000089300000, 0x0000000089300000, 0x0000000089400000|  0%| F|  |TAMS 0x0000000089300000, 0x0000000089300000| Untracked 
| 130|0x0000000089400000, 0x0000000089400000, 0x0000000089500000|  0%| F|  |TAMS 0x0000000089400000, 0x0000000089400000| Untracked 
| 131|0x0000000089500000, 0x0000000089500000, 0x0000000089600000|  0%| F|  |TAMS 0x0000000089500000, 0x0000000089500000| Untracked 
| 132|0x0000000089600000, 0x0000000089600000, 0x0000000089700000|  0%| F|  |TAMS 0x0000000089600000, 0x0000000089600000| Untracked 
| 133|0x0000000089700000, 0x0000000089700000, 0x0000000089800000|  0%| F|  |TAMS 0x0000000089700000, 0x0000000089700000| Untracked 
| 134|0x0000000089800000, 0x0000000089800000, 0x0000000089900000|  0%| F|  |TAMS 0x0000000089800000, 0x0000000089800000| Untracked 
| 135|0x0000000089900000, 0x0000000089900000, 0x0000000089a00000|  0%| F|  |TAMS 0x0000000089900000, 0x0000000089900000| Untracked 
| 136|0x0000000089a00000, 0x0000000089a00000, 0x0000000089b00000|  0%| F|  |TAMS 0x0000000089a00000, 0x0000000089a00000| Untracked 
| 137|0x0000000089b00000, 0x0000000089b00000, 0x0000000089c00000|  0%| F|  |TAMS 0x0000000089b00000, 0x0000000089b00000| Untracked 
| 138|0x0000000089c00000, 0x0000000089c00000, 0x0000000089d00000|  0%| F|  |TAMS 0x0000000089c00000, 0x0000000089c00000| Untracked 
| 139|0x0000000089d00000, 0x0000000089d00000, 0x0000000089e00000|  0%| F|  |TAMS 0x0000000089d00000, 0x0000000089d00000| Untracked 
| 140|0x0000000089e00000, 0x0000000089e00000, 0x0000000089f00000|  0%| F|  |TAMS 0x0000000089e00000, 0x0000000089e00000| Untracked 
| 141|0x0000000089f00000, 0x0000000089f00000, 0x000000008a000000|  0%| F|  |TAMS 0x0000000089f00000, 0x0000000089f00000| Untracked 
| 142|0x000000008a000000, 0x000000008a000000, 0x000000008a100000|  0%| F|  |TAMS 0x000000008a000000, 0x000000008a000000| Untracked 
| 143|0x000000008a100000, 0x000000008a100000, 0x000000008a200000|  0%| F|  |TAMS 0x000000008a100000, 0x000000008a100000| Untracked 
| 144|0x000000008a200000, 0x000000008a200000, 0x000000008a300000|  0%| F|  |TAMS 0x000000008a200000, 0x000000008a200000| Untracked 
| 145|0x000000008a300000, 0x000000008a300000, 0x000000008a400000|  0%| F|  |TAMS 0x000000008a300000, 0x000000008a300000| Untracked 
| 146|0x000000008a400000, 0x000000008a400000, 0x000000008a500000|  0%| F|  |TAMS 0x000000008a400000, 0x000000008a400000| Untracked 
| 147|0x000000008a500000, 0x000000008a500000, 0x000000008a600000|  0%| F|  |TAMS 0x000000008a500000, 0x000000008a500000| Untracked 
| 148|0x000000008a600000, 0x000000008a600000, 0x000000008a700000|  0%| F|  |TAMS 0x000000008a600000, 0x000000008a600000| Untracked 
| 149|0x000000008a700000, 0x000000008a700000, 0x000000008a800000|  0%| F|  |TAMS 0x000000008a700000, 0x000000008a700000| Untracked 
| 150|0x000000008a800000, 0x000000008a800000, 0x000000008a900000|  0%| F|  |TAMS 0x000000008a800000, 0x000000008a800000| Untracked 
| 151|0x000000008a900000, 0x000000008a900000, 0x000000008aa00000|  0%| F|  |TAMS 0x000000008a900000, 0x000000008a900000| Untracked 
| 152|0x000000008aa00000, 0x000000008aa00000, 0x000000008ab00000|  0%| F|  |TAMS 0x000000008aa00000, 0x000000008aa00000| Untracked 
| 153|0x000000008ab00000, 0x000000008ab00000, 0x000000008ac00000|  0%| F|  |TAMS 0x000000008ab00000, 0x000000008ab00000| Untracked 

Card table byte_map: [0x000000bb585a0000,0x000000bb589a0000] _byte_map_base: 0x000000bb58197000

Marking Bits (Prev, Next): (CMBitMap*) 0x000000bb40aed388, (CMBitMap*) 0x000000bb40aed3c0
 Prev Bits: [0x000000bb58da0000, 0x000000bb5ad58000)
 Next Bits: [0x000000bb5ad60000, 0x000000bb5cd18000)

Polling page: 0x000000bb40250000

Metaspace:

Usage:
  Non-class:     44.44 MB capacity,    43.64 MB ( 98%) used,   653.90 KB (  1%) free+waste,   168.63 KB ( <1%) overhead. 
      Class:      6.99 MB capacity,     6.44 MB ( 92%) used,   482.05 KB (  7%) free+waste,    83.38 KB (  1%) overhead. 
       Both:     51.43 MB capacity,    50.08 MB ( 97%) used,     1.11 MB (  2%) free+waste,   252.00 KB ( <1%) overhead. 

Virtual space:
  Non-class space:       46.00 MB reserved,      44.58 MB ( 97%) committed 
      Class space:        1.00 GB reserved,       7.00 MB ( <1%) committed 
             Both:        1.04 GB reserved,      51.58 MB (  5%) committed 

Chunk freelists:
   Non-Class:  9.00 KB
       Class:  13.00 KB
        Both:  22.00 KB

MaxMetaspaceSize: 17179869184.00 GB
CompressedClassSpaceSize: 1.00 GB
Initial GC threshold: 20.80 MB
Current GC threshold: 59.30 MB
CDS: off

CodeHeap 'non-profiled nmethods': size=238912Kb used=6209Kb max_used=6209Kb free=232702Kb
 bounds [0x000000bb49850000, 0x000000bb49e70000, 0x000000bb581a0000]
CodeHeap 'non-nmethods': size=6848Kb used=1279Kb max_used=1279Kb free=5568Kb
 bounds [0x000000bb491a0000, 0x000000bb49410000, 0x000000bb49850000]
 total_blobs=4629 nmethods=4051 adapters=505
 compilation: enabled
              stopped_count=0, restarted_count=0
 full_count=0

Compilation events (20 events):
Event: 6.475 Thread 0x000000bb5ffc7000 4042       1       net.bytebuddy.description.type.TypeDescription$ForLoadedType::getModifiers (8 bytes)
Event: 6.476 Thread 0x000000bb5ffc7000 nmethod 4042 0x000000bb49e5d290 code [0x000000bb49e5d440, 0x000000bb49e5d528]
Event: 6.476 Thread 0x000000bb5ffc7000 4039       1       net.bytebuddy.implementation.bytecode.StackSize::of (33 bytes)
Event: 6.476 Thread 0x000000bb5ffc7000 nmethod 4039 0x000000bb49e5d610 code [0x000000bb49e5d7c0, 0x000000bb49e5d8d8]
Event: 6.476 Thread 0x000000bb5ffc7000 4043       1       net.bytebuddy.jar.asm.Type::getInternalName (12 bytes)
Event: 6.476 Thread 0x000000bb5ffc7000 nmethod 4043 0x000000bb49e5d990 code [0x000000bb49e5db40, 0x000000bb49e5dc38]
Event: 6.476 Thread 0x000000bb5ffc7000 4044       1       net.bytebuddy.dynamic.scaffold.InstrumentedType$Default::getName (5 bytes)
Event: 6.476 Thread 0x000000bb5ffc7000 nmethod 4044 0x000000bb49e5dd10 code [0x000000bb49e5dec0, 0x000000bb49e5df78]
Event: 6.476 Thread 0x000000bb5ffc7000 4045       1       net.bytebuddy.jar.asm.ByteVector::putByte (39 bytes)
Event: 6.476 Thread 0x000000bb5ffc7000 nmethod 4045 0x000000bb49e5e010 code [0x000000bb49e5e1c0, 0x000000bb49e5e308]
Event: 6.476 Thread 0x000000bb5ffc7000 4046       1       net.bytebuddy.jar.asm.ByteVector::putShort (52 bytes)
Event: 6.477 Thread 0x000000bb5ffc7000 nmethod 4046 0x000000bb49e5e410 code [0x000000bb49e5e5c0, 0x000000bb49e5e728]
Event: 6.489 Thread 0x000000bb5ffc7000 4047       1       jdk.internal.org.objectweb.asm.ClassReader::readUnsignedShort (26 bytes)
Event: 6.489 Thread 0x000000bb5ffc7000 nmethod 4047 0x000000bb49e5e890 code [0x000000bb49e5ea40, 0x000000bb49e5eb58]
Event: 6.523 Thread 0x000000bb5ffc7000 4049       1       java.util.regex.Pattern$Ques::match (196 bytes)
Event: 6.524 Thread 0x000000bb5ffc7000 nmethod 4049 0x000000bb49e5ef10 code [0x000000bb49e5f160, 0x000000bb49e5f5d8]
Event: 6.524 Thread 0x000000bb5ffc7000 4050       1       java.util.regex.Matcher::getSubSequence (12 bytes)
Event: 6.524 Thread 0x000000bb5ffc7000 nmethod 4050 0x000000bb49e5f810 code [0x000000bb49e5f9c0, 0x000000bb49e5faa8]
Event: 6.533 Thread 0x000000bb5ffc7000 4051       1       java.util.regex.Matcher::group (112 bytes)
Event: 6.533 Thread 0x000000bb5ffc7000 nmethod 4051 0x000000bb49e5fb10 code [0x000000bb49e5fd60, 0x000000bb49e602c8]

GC Heap History (17 events):
Event: 1.253 GC heap before
{Heap before GC invocations=0 (full 0):
 garbage-first heap   total 131072K, used 14336K [0x0000000081200000, 0x0000000100000000)
  region size 1024K, 14 young (14336K), 0 survivors (0K)
 Metaspace       used 12048K, capacity 12298K, committed 12416K, reserved 1060864K
  class space    used 1226K, capacity 1334K, committed 1408K, reserved 1048576K
}
Event: 1.262 GC heap after
{Heap after GC invocations=1 (full 0):
 garbage-first heap   total 131072K, used 5932K [0x0000000081200000, 0x0000000100000000)
  region size 1024K, 2 young (2048K), 2 survivors (2048K)
 Metaspace       used 12048K, capacity 12298K, committed 12416K, reserved 1060864K
  class space    used 1226K, capacity 1334K, committed 1408K, reserved 1048576K
}
Event: 1.386 GC heap before
{Heap before GC invocations=1 (full 0):
 garbage-first heap   total 131072K, used 10028K [0x0000000081200000, 0x0000000100000000)
  region size 1024K, 6 young (6144K), 2 survivors (2048K)
 Metaspace       used 13215K, capacity 13608K, committed 13824K, reserved 1060864K
  class space    used 1350K, capacity 1471K, committed 1536K, reserved 1048576K
}
Event: 1.391 GC heap after
{Heap after GC invocations=2 (full 0):
 garbage-first heap   total 131072K, used 6786K [0x0000000081200000, 0x0000000100000000)
  region size 1024K, 1 young (1024K), 1 survivors (1024K)
 Metaspace       used 13215K, capacity 13608K, committed 13824K, reserved 1060864K
  class space    used 1350K, capacity 1471K, committed 1536K, reserved 1048576K
}
Event: 1.819 GC heap before
{Heap before GC invocations=2 (full 0):
 garbage-first heap   total 131072K, used 25218K [0x0000000081200000, 0x0000000100000000)
  region size 1024K, 19 young (19456K), 1 survivors (1024K)
 Metaspace       used 16348K, capacity 16838K, committed 17152K, reserved 1064960K
  class space    used 1767K, capacity 1941K, committed 2048K, reserved 1048576K
}
Event: 1.824 GC heap after
{Heap after GC invocations=3 (full 0):
 garbage-first heap   total 131072K, used 7673K [0x0000000081200000, 0x0000000100000000)
  region size 1024K, 2 young (2048K), 2 survivors (2048K)
 Metaspace       used 16348K, capacity 16838K, committed 17152K, reserved 1064960K
  class space    used 1767K, capacity 1941K, committed 2048K, reserved 1048576K
}
Event: 2.308 GC heap before
{Heap before GC invocations=3 (full 0):
 garbage-first heap   total 131072K, used 33273K [0x0000000081200000, 0x0000000100000000)
  region size 1024K, 28 young (28672K), 2 survivors (2048K)
 Metaspace       used 20428K, capacity 21077K, committed 21296K, reserved 1069056K
  class space    used 2326K, capacity 2579K, committed 2688K, reserved 1048576K
}
Event: 2.316 GC heap after
{Heap after GC invocations=4 (full 0):
 garbage-first heap   total 131072K, used 8729K [0x0000000081200000, 0x0000000100000000)
  region size 1024K, 3 young (3072K), 3 survivors (3072K)
 Metaspace       used 20428K, capacity 21077K, committed 21296K, reserved 1069056K
  class space    used 2326K, capacity 2579K, committed 2688K, reserved 1048576K
}
Event: 2.668 GC heap before
{Heap before GC invocations=5 (full 0):
 garbage-first heap   total 131072K, used 47641K [0x0000000081200000, 0x0000000100000000)
  region size 1024K, 42 young (43008K), 3 survivors (3072K)
 Metaspace       used 23649K, capacity 24370K, committed 24496K, reserved 1071104K
  class space    used 2750K, capacity 3018K, committed 3072K, reserved 1048576K
}
Event: 2.677 GC heap after
{Heap after GC invocations=6 (full 0):
 garbage-first heap   total 157696K, used 9859K [0x0000000081200000, 0x0000000100000000)
  region size 1024K, 4 young (4096K), 4 survivors (4096K)
 Metaspace       used 23649K, capacity 24370K, committed 24496K, reserved 1071104K
  class space    used 2750K, capacity 3018K, committed 3072K, reserved 1048576K
}
Event: 3.448 GC heap before
{Heap before GC invocations=6 (full 0):
 garbage-first heap   total 157696K, used 70275K [0x0000000081200000, 0x0000000100000000)
  region size 1024K, 64 young (65536K), 4 survivors (4096K)
 Metaspace       used 26038K, capacity 26882K, committed 26928K, reserved 1073152K
  class space    used 3086K, capacity 3427K, committed 3456K, reserved 1048576K
}
Event: 3.460 GC heap after
{Heap after GC invocations=7 (full 0):
 garbage-first heap   total 157696K, used 10943K [0x0000000081200000, 0x0000000100000000)
  region size 1024K, 5 young (5120K), 5 survivors (5120K)
 Metaspace       used 26038K, capacity 26882K, committed 26928K, reserved 1073152K
  class space    used 3086K, capacity 3427K, committed 3456K, reserved 1048576K
}
Event: 4.631 GC heap before
{Heap before GC invocations=7 (full 0):
 garbage-first heap   total 157696K, used 93887K [0x0000000081200000, 0x0000000100000000)
  region size 1024K, 87 young (89088K), 5 survivors (5120K)
 Metaspace       used 32082K, capacity 33214K, committed 33456K, reserved 1079296K
  class space    used 3906K, capacity 4341K, committed 4352K, reserved 1048576K
}
Event: 4.652 GC heap after
{Heap after GC invocations=8 (full 0):
 garbage-first heap   total 157696K, used 14173K [0x0000000081200000, 0x0000000100000000)
  region size 1024K, 8 young (8192K), 8 survivors (8192K)
 Metaspace       used 32082K, capacity 33214K, committed 33456K, reserved 1079296K
  class space    used 3906K, capacity 4341K, committed 4352K, reserved 1048576K
}
Event: 4.979 GC heap before
{Heap before GC invocations=8 (full 0):
 garbage-first heap   total 157696K, used 44893K [0x0000000081200000, 0x0000000100000000)
  region size 1024K, 40 young (40960K), 8 survivors (8192K)
 Metaspace       used 34562K, capacity 35762K, committed 35920K, reserved 1081344K
  class space    used 4237K, capacity 4744K, committed 4864K, reserved 1048576K
}
Event: 5.006 GC heap after
{Heap after GC invocations=9 (full 0):
 garbage-first heap   total 157696K, used 15923K [0x0000000081200000, 0x0000000100000000)
  region size 1024K, 8 young (8192K), 8 survivors (8192K)
 Metaspace       used 34562K, capacity 35762K, committed 35920K, reserved 1081344K
  class space    used 4237K, capacity 4744K, committed 4864K, reserved 1048576K
}
Event: 6.550 GC heap before
{Heap before GC invocations=10 (full 0):
 garbage-first heap   total 157696K, used 101939K [0x0000000081200000, 0x0000000100000000)
  region size 1024K, 92 young (94208K), 8 survivors (8192K)
 Metaspace       used 51278K, capacity 52666K, committed 52816K, reserved 1095680K
  class space    used 6589K, capacity 7155K, committed 7168K, reserved 1048576K
}

Deoptimization events (2 events):
Event: 3.555 Thread 0x000000bb40ab0800 DEOPT PACKING pc=0x000000bb49b0ccec sp=0x000000bb4024d680
Event: 3.555 Thread 0x000000bb40ab0800 DEOPT UNPACKING pc=0x000000bb491ea95e sp=0x000000bb4024cbe8 mode 0

Classes redefined (0 events):
No events

Internal exceptions (20 events):
Event: 4.055 Thread 0x000000bb40ab0800 Exception <a 'java/lang/ClassNotFoundException'{0x00000000893f91a8}: org/springframework/transaction/annotation/ProxyTransactionManagementConfigurationCustomizer> (0x00000000893f91a8) thrown at [./src/hotspot/share/classfile/systemDictionary.cpp, line 231]
Event: 4.056 Thread 0x000000bb40ab0800 Exception <a 'java/lang/ClassNotFoundException'{0x000000008920ef98}: org/springframework/context/annotation/ImportAwareCustomizer> (0x000000008920ef98) thrown at [./src/hotspot/share/classfile/systemDictionary.cpp, line 231]
Event: 4.057 Thread 0x000000bb40ab0800 Exception <a 'java/lang/ClassNotFoundException'{0x0000000089220290}: org/springframework/beans/factory/AwareCustomizer> (0x0000000089220290) thrown at [./src/hotspot/share/classfile/systemDictionary.cpp, line 231]
Event: 4.111 Thread 0x000000bb40ab0800 Exception <a 'java/lang/NoSuchMethodError'{0x00000000890a0850}: 'java.lang.Object java.lang.invoke.DirectMethodHandle$Holder.invokeSpecialIFC(java.lang.Object, java.lang.Object, java.lang.Object)'> (0x00000000890a0850) thrown at [./src/hotspot/share/interpreter/linkResolver.cpp, line 773]
Event: 4.159 Thread 0x000000bb40ab0800 Exception <a 'java/lang/NoSuchMethodError'{0x0000000088e72930}: 'int java.lang.invoke.DirectMethodHandle$Holder.invokeSpecial(java.lang.Object, java.lang.Object, java.lang.Object, java.lang.Object, java.lang.Object)'> (0x0000000088e72930) thrown at [./src/hotspot/share/interpreter/linkResolver.cpp, line 773]
Event: 4.221 Thread 0x000000bb40ab0800 Exception <a 'java/lang/NoSuchMethodError'{0x0000000088b1fd70}: 'void java.lang.invoke.DelegatingMethodHandle$Holder.delegate(java.lang.Object, java.lang.Object, int, java.lang.Object)'> (0x0000000088b1fd70) thrown at [./src/hotspot/share/interpreter/linkResolver.cpp, line 773]
Event: 4.259 Thread 0x000000bb40ab0800 Exception <a 'java/lang/NoSuchMethodError'{0x0000000088a54320}: 'void java.lang.invoke.DirectMethodHandle$Holder.invokeInterface(java.lang.Object, java.lang.Object, int)'> (0x0000000088a54320) thrown at [./src/hotspot/share/interpreter/linkResolver.cpp, line 773]
Event: 4.261 Thread 0x000000bb40ab0800 Exception <a 'java/lang/NoSuchMethodError'{0x0000000088a6c968}: 'int java.lang.invoke.DirectMethodHandle$Holder.invokeVirtual(java.lang.Object, java.lang.Object)'> (0x0000000088a6c968) thrown at [./src/hotspot/share/interpreter/linkResolver.cpp, line 773]
Event: 4.267 Thread 0x000000bb40ab0800 Exception <a 'java/lang/IncompatibleClassChangeError'{0x0000000088aa27d0}: Found class java.lang.Object, but interface was expected> (0x0000000088aa27d0) thrown at [./src/hotspot/share/interpreter/linkResolver.cpp, line 839]
Event: 4.268 Thread 0x000000bb40ab0800 Exception <a 'java/lang/NoSuchMethodError'{0x0000000088aa7678}: 'void java.lang.invoke.DirectMethodHandle$Holder.invokeStatic(java.lang.Object, int, java.lang.Object)'> (0x0000000088aa7678) thrown at [./src/hotspot/share/interpreter/linkResolver.cpp, line 773]
Event: 4.731 Thread 0x000000bb40ab0800 Exception <a 'java/io/FileNotFoundException'{0x000000008a0cdf80}> (0x000000008a0cdf80) thrown at [./src/hotspot/share/prims/jni.cpp, line 616]
Event: 4.771 Thread 0x000000bb40ab0800 Exception <a 'java/lang/NoSuchMethodError'{0x0000000089dc1e70}: 'int java.lang.invoke.DirectMethodHandle$Holder.invokeInterface(java.lang.Object, java.lang.Object, java.lang.Object, java.lang.Object)'> (0x0000000089dc1e70) thrown at [./src/hotspot/share/interpreter/linkResolver.cpp, line 773]
Event: 4.815 Thread 0x000000bb40ab0800 Exception <a 'java/lang/NoSuchMethodError'{0x0000000089911398}: 'long java.lang.invoke.DirectMethodHandle$Holder.invokeVirtual(java.lang.Object, java.lang.Object)'> (0x0000000089911398) thrown at [./src/hotspot/share/interpreter/linkResolver.cpp, line 773]
Event: 4.819 Thread 0x000000bb40ab0800 Exception <a 'java/io/FileNotFoundException'{0x0000000089955110}> (0x0000000089955110) thrown at [./src/hotspot/share/prims/jni.cpp, line 616]
Event: 5.562 Thread 0x000000bb40ab0800 Exception <a 'sun/nio/fs/WindowsException'{0x0000000088c04010}> (0x0000000088c04010) thrown at [./src/hotspot/share/prims/jni.cpp, line 616]
Event: 5.570 Thread 0x000000bb40ab0800 Exception <a 'java/lang/NoSuchMethodError'{0x0000000088c26f90}: 'int java.lang.invoke.DirectMethodHandle$Holder.invokeStaticInit(java.lang.Object, java.lang.Object, java.lang.Object, java.lang.Object)'> (0x0000000088c26f90) thrown at [./src/hotspot/share/interpreter/linkResolver.cpp, line 773]
Event: 5.873 Thread 0x000000bb40ab0800 Exception <a 'java/lang/NoSuchMethodError'{0x0000000087b6f350}: 'java.lang.Object java.lang.invoke.DirectMethodHandle$Holder.invokeStaticInit(java.lang.Object, java.lang.Object, java.lang.Object, java.lang.Object)'> (0x0000000087b6f350) thrown at [./src/hotspot/share/interpreter/linkResolver.cpp, line 773]
Event: 6.082 Thread 0x000000bb40ab0800 Exception <a 'java/lang/NoSuchMethodError'{0x0000000086ca0c70}: 'java.lang.Object java.lang.invoke.DirectMethodHandle$Holder.newInvokeSpecial(java.lang.Object, java.lang.Object, int, java.lang.Object, java.lang.Object)'> (0x0000000086ca0c70) thrown at [./src/hotspot/share/interpreter/linkResolver.cpp, line 773]
Event: 6.499 Thread 0x000000bb40ab0800 Exception <a 'java/lang/NoSuchMethodError'{0x00000000852594b8}: 'void java.lang.invoke.DirectMethodHandle$Holder.invokeInterface(java.lang.Object, java.lang.Object)'> (0x00000000852594b8) thrown at [./src/hotspot/share/interpreter/linkResolver.cpp, line 773]
Event: 6.513 Thread 0x000000bb40ab0800 Exception <a 'java/lang/NoSuchMethodError'{0x0000000085122b30}: 'java.lang.Object java.lang.invoke.DirectMethodHandle$Holder.invokeStaticInit(java.lang.Object, java.lang.Object, java.lang.Object, java.lang.Object, int, int)'> (0x0000000085122b30) thrown at [./src/hotspot/share/interpreter/linkResolver.cpp, line 773]

Events (20 events):
Event: 6.545 loading class org/hibernate/persister/walking/internal/CompositionSingularSubAttributesHelper$1$1$3 done
Event: 6.545 loading class org/hibernate/loader/plan/build/internal/LoadPlanImpl
Event: 6.545 loading class org/hibernate/loader/plan/build/internal/LoadPlanImpl done
Event: 6.545 loading class org/hibernate/loader/plan/spi/LoadPlan$Disposition
Event: 6.545 loading class org/hibernate/loader/plan/spi/LoadPlan$Disposition done
Event: 6.546 loading class org/hibernate/loader/plan/exec/internal/BatchingLoadQueryDetailsFactory
Event: 6.546 loading class org/hibernate/loader/plan/exec/internal/BatchingLoadQueryDetailsFactory done
Event: 6.546 loading class org/hibernate/loader/plan/exec/internal/RootHelper
Event: 6.546 loading class org/hibernate/loader/plan/exec/internal/RootHelper done
Event: 6.546 loading class org/hibernate/loader/plan/exec/internal/AliasResolutionContextImpl
Event: 6.547 loading class org/hibernate/loader/plan/exec/internal/AliasResolutionContextImpl done
Event: 6.547 loading class org/hibernate/loader/plan/exec/internal/EntityLoadQueryDetails
Event: 6.547 loading class org/hibernate/loader/plan/exec/internal/EntityLoadQueryDetails done
Event: 6.548 loading class org/hibernate/loader/plan/exec/internal/AbstractLoadQueryDetails
Event: 6.548 loading class org/hibernate/loader/plan/exec/internal/AbstractLoadQueryDetails done
Event: 6.548 loading class org/hibernate/loader/plan/exec/spi/LoadQueryDetails
Event: 6.548 loading class org/hibernate/loader/plan/exec/spi/LoadQueryDetails done
Event: 6.549 loading class org/hibernate/loader/plan/exec/internal/LoadQueryJoinAndFetchProcessor
Event: 6.549 loading class org/hibernate/loader/plan/exec/internal/LoadQueryJoinAndFetchProcessor done
Event: 6.549 Executing VM operation: G1CollectForAllocation


Dynamic libraries:
0x00007ff6e69f0000 - 0x00007ff6e69fd000 	C:\Users\Max\.jdks\corretto-11.0.13\bin\java.exe
0x00007ffae5b90000 - 0x00007ffae5d3d000 	C:\WINDOWS\SYSTEM32\ntdll.dll
0x00007ffae3dd0000 - 0x00007ffae3f0f000 	C:\WINDOWS\system32\KERNEL32.DLL
0x00007ffae30f0000 - 0x00007ffae3204000 	C:\WINDOWS\system32\KERNELBASE.dll
0x00007ffac3be0000 - 0x00007ffac3bf7000 	C:\Users\Max\.jdks\corretto-11.0.13\bin\jli.dll
0x00007ffac3bc0000 - 0x00007ffac3bd9000 	C:\Users\Max\.jdks\corretto-11.0.13\bin\VCRUNTIME140.dll
0x00007ffac3bb0000 - 0x00007ffac3bb4000 	C:\Users\Max\.jdks\corretto-11.0.13\bin\api-ms-win-crt-stdio-l1-1-0.dll
0x00007ffabca40000 - 0x00007ffabca44000 	C:\Users\Max\.jdks\corretto-11.0.13\bin\api-ms-win-crt-runtime-l1-1-0.dll
0x00007ffabca30000 - 0x00007ffabca33000 	C:\Users\Max\.jdks\corretto-11.0.13\bin\api-ms-win-crt-environment-l1-1-0.dll
0x00007ffabca20000 - 0x00007ffabca25000 	C:\Users\Max\.jdks\corretto-11.0.13\bin\api-ms-win-crt-math-l1-1-0.dll
0x00007ffabca10000 - 0x00007ffabca13000 	C:\Users\Max\.jdks\corretto-11.0.13\bin\api-ms-win-crt-locale-l1-1-0.dll
0x00007ffabca00000 - 0x00007ffabca03000 	C:\Users\Max\.jdks\corretto-11.0.13\bin\api-ms-win-crt-heap-l1-1-0.dll
0x00007ffae06b0000 - 0x00007ffae092b000 	C:\WINDOWS\WinSxS\amd64_microsoft.windows.common-controls_6595b64144ccf1df_6.0.9600.19394_none_62486577ecb635cf\COMCTL32.dll
0x00007ffae3210000 - 0x00007ffae3387000 	C:\WINDOWS\system32\USER32.dll
0x00007ffabc9f0000 - 0x00007ffabc9f3000 	C:\Users\Max\.jdks\corretto-11.0.13\bin\api-ms-win-crt-filesystem-l1-1-0.dll
0x00007ffabc9e0000 - 0x00007ffabc9e4000 	C:\Users\Max\.jdks\corretto-11.0.13\bin\api-ms-win-crt-string-l1-1-0.dll
0x00007ffabc9d0000 - 0x00007ffabc9d4000 	C:\Users\Max\.jdks\corretto-11.0.13\bin\api-ms-win-crt-convert-l1-1-0.dll
0x00007ffae3c70000 - 0x00007ffae3d1a000 	C:\WINDOWS\system32\msvcrt.dll
0x00007ffae5a40000 - 0x00007ffae5b8e000 	C:\WINDOWS\system32\GDI32.dll
0x00007ffab34b0000 - 0x00007ffab35ac000 	C:\Users\Max\.jdks\corretto-11.0.13\bin\ucrtbase.DLL
0x00007ffae5980000 - 0x00007ffae59b6000 	C:\WINDOWS\system32\IMM32.DLL
0x00007ffae3a40000 - 0x00007ffae3b91000 	C:\WINDOWS\system32\MSCTF.dll
0x00007ffabc930000 - 0x00007ffabc9cb000 	C:\Users\Max\.jdks\corretto-11.0.13\bin\msvcp140.dll
0x00007ffabc920000 - 0x00007ffabc923000 	C:\Users\Max\.jdks\corretto-11.0.13\bin\api-ms-win-crt-time-l1-1-0.dll
0x00007ffabc8d0000 - 0x00007ffabc8d3000 	C:\Users\Max\.jdks\corretto-11.0.13\bin\api-ms-win-crt-utility-l1-1-0.dll
0x00007ffab2930000 - 0x00007ffab34af000 	C:\Users\Max\.jdks\corretto-11.0.13\bin\server\jvm.dll
0x00007ffae3d20000 - 0x00007ffae3dcd000 	C:\WINDOWS\system32\ADVAPI32.dll
0x00007ffad2580000 - 0x00007ffad2589000 	C:\WINDOWS\SYSTEM32\WSOCK32.dll
0x00007ffad7d50000 - 0x00007ffad7d72000 	C:\WINDOWS\SYSTEM32\WINMM.dll
0x00007ffaddd10000 - 0x00007ffaddd1a000 	C:\WINDOWS\SYSTEM32\VERSION.dll
0x00007ffae5790000 - 0x00007ffae5797000 	C:\WINDOWS\system32\PSAPI.DLL
0x00007ffae5650000 - 0x00007ffae56ab000 	C:\WINDOWS\SYSTEM32\sechost.dll
0x00007ffae5450000 - 0x00007ffae5585000 	C:\WINDOWS\system32\RPCRT4.dll
0x00007ffae3390000 - 0x00007ffae33ea000 	C:\WINDOWS\system32\WS2_32.dll
0x00007ffad7660000 - 0x00007ffad768a000 	C:\WINDOWS\SYSTEM32\WINMMBASE.dll
0x00007ffae3070000 - 0x00007ffae309e000 	C:\WINDOWS\system32\SspiCli.dll
0x00007ffae3f10000 - 0x00007ffae3f19000 	C:\WINDOWS\system32\NSI.dll
0x00007ffae30a0000 - 0x00007ffae30ef000 	C:\WINDOWS\SYSTEM32\cfgmgr32.dll
0x00007ffae1a70000 - 0x00007ffae1a98000 	C:\WINDOWS\SYSTEM32\DEVOBJ.dll
0x00007ffabc8c0000 - 0x00007ffabc8d0000 	C:\Users\Max\.jdks\corretto-11.0.13\bin\verify.dll
0x00007ffad9c40000 - 0x00007ffad9dca000 	C:\WINDOWS\SYSTEM32\DBGHELP.DLL
0x00007ffabc890000 - 0x00007ffabc8b8000 	C:\Users\Max\.jdks\corretto-11.0.13\bin\java.dll
0x00007ffabc870000 - 0x00007ffabc87a000 	C:\Users\Max\.jdks\corretto-11.0.13\bin\jimage.dll
0x00007ffad79f0000 - 0x00007ffad79fe000 	C:\Users\Max\.jdks\corretto-11.0.13\bin\instrument.dll
0x00007ffab9760000 - 0x00007ffab9777000 	C:\Users\Max\.jdks\corretto-11.0.13\bin\zip.dll
0x00007ffae3f20000 - 0x00007ffae544f000 	C:\WINDOWS\system32\SHELL32.dll
0x00007ffae3820000 - 0x00007ffae3a32000 	C:\WINDOWS\SYSTEM32\combase.dll
0x00007ffae59e0000 - 0x00007ffae5a34000 	C:\WINDOWS\system32\SHLWAPI.dll
0x00007ffae1040000 - 0x00007ffae10f2000 	C:\WINDOWS\SYSTEM32\SHCORE.dll
0x00007ffae2c30000 - 0x00007ffae2c45000 	C:\WINDOWS\SYSTEM32\profapi.dll
0x00007ffab8230000 - 0x00007ffab8249000 	C:\Users\Max\.jdks\corretto-11.0.13\bin\net.dll
0x00007ffacb000000 - 0x00007ffacb0c9000 	C:\WINDOWS\SYSTEM32\WINHTTP.dll
0x00007ffae2470000 - 0x00007ffae24c9000 	C:\WINDOWS\system32\mswsock.dll
0x00007ffab8210000 - 0x00007ffab8222000 	C:\Users\Max\.jdks\corretto-11.0.13\bin\nio.dll
0x00007ffad79b0000 - 0x00007ffad79ca000 	C:\Users\Max\AppData\Local\JetBrains\Toolbox\apps\IDEA-U\ch-0\222.4167.29\bin\breakgen64.dll
0x00007ffae2270000 - 0x00007ffae2314000 	C:\WINDOWS\SYSTEM32\DNSAPI.dll
0x00007ffada250000 - 0x00007ffada25a000 	C:\Windows\System32\rasadhlp.dll
0x00007ffada780000 - 0x00007ffada7eb000 	C:\WINDOWS\System32\fwpuclnt.dll
0x00007ffad79a0000 - 0x00007ffad79a9000 	C:\Users\Max\.jdks\corretto-11.0.13\bin\management.dll
0x00007ffad7950000 - 0x00007ffad795b000 	C:\Users\Max\.jdks\corretto-11.0.13\bin\management_ext.dll
0x00007ffae24d0000 - 0x00007ffae24f0000 	C:\WINDOWS\SYSTEM32\CRYPTSP.dll
0x00007ffae20f0000 - 0x00007ffae2126000 	C:\WINDOWS\system32\rsaenh.dll
0x00007ffae2770000 - 0x00007ffae2796000 	C:\WINDOWS\SYSTEM32\bcrypt.dll
0x00007ffae2200000 - 0x00007ffae2221000 	C:\WINDOWS\SYSTEM32\USERENV.dll
0x00007ffae2a90000 - 0x00007ffae2af3000 	C:\WINDOWS\system32\bcryptprimitives.dll
0x00007ffae2b00000 - 0x00007ffae2b0b000 	C:\WINDOWS\SYSTEM32\CRYPTBASE.dll
0x00007ffadd390000 - 0x00007ffadd3ba000 	C:\WINDOWS\SYSTEM32\IPHLPAPI.DLL
0x00007ffadd380000 - 0x00007ffadd38a000 	C:\WINDOWS\SYSTEM32\WINNSI.DLL
0x00007ffada900000 - 0x00007ffada916000 	C:\WINDOWS\SYSTEM32\dhcpcsvc6.DLL
0x00007ffadc430000 - 0x00007ffadc44a000 	C:\WINDOWS\SYSTEM32\dhcpcsvc.DLL
0x00007ffac67c0000 - 0x00007ffac67d5000 	C:\WINDOWS\system32\napinsp.dll
0x00007ffac67a0000 - 0x00007ffac67ba000 	C:\WINDOWS\system32\pnrpnsp.dll
0x00007ffadcb60000 - 0x00007ffadcb7b000 	C:\WINDOWS\system32\NLAapi.dll
0x00007ffac6790000 - 0x00007ffac679d000 	C:\WINDOWS\System32\winrnr.dll
0x00007ffac6770000 - 0x00007ffac6784000 	C:\WINDOWS\system32\wshbth.dll
0x00007ffad7900000 - 0x00007ffad7925000 	C:\Users\Max\.jdks\corretto-11.0.13\bin\sunec.dll
0x00007ffad78f0000 - 0x00007ffad78fe000 	C:\Users\Max\.jdks\corretto-11.0.13\bin\sunmscapi.dll
0x00007ffae2d00000 - 0x00007ffae2f57000 	C:\WINDOWS\system32\CRYPT32.dll
0x00007ffae2740000 - 0x00007ffae2765000 	C:\WINDOWS\SYSTEM32\ncrypt.dll
0x00007ffae2ce0000 - 0x00007ffae2cf1000 	C:\WINDOWS\system32\MSASN1.dll
0x00007ffae2700000 - 0x00007ffae2737000 	C:\WINDOWS\SYSTEM32\NTASN1.dll

dbghelp: loaded successfully - version: 4.0.5 - missing functions: none
symbol engine: initialized successfully - sym options: 0x614 - pdb path: .;C:\Users\Max\.jdks\corretto-11.0.13\bin;C:\WINDOWS\SYSTEM32;C:\WINDOWS\WinSxS\amd64_microsoft.windows.common-controls_6595b64144ccf1df_6.0.9600.19394_none_62486577ecb635cf;C:\Users\Max\.jdks\corretto-11.0.13\bin\server;C:\Users\Max\AppData\Local\JetBrains\Toolbox\apps\IDEA-U\ch-0\222.4167.29\bin

VM Arguments:
jvm_args: -XX:TieredStopAtLevel=1 -Xverify:none -Dspring.output.ansi.enabled=always -Dcom.sun.management.jmxremote -Dspring.jmx.enabled=true -Dspring.liveBeansView.mbeanDomain -Dspring.application.admin.enabled=true -javaagent:C:\Users\Max\AppData\Local\JetBrains\Toolbox\apps\IDEA-U\ch-0\222.4167.29\lib\idea_rt.jar=54329:C:\Users\Max\AppData\Local\JetBrains\Toolbox\apps\IDEA-U\ch-0\222.4167.29\bin -Dfile.encoding=UTF-8 
java_command: prohvataeva.sqlorm_hibernate_dao.SqlOrmHibernateDaoApplication
java_class_path (initial): C:\Users\Max\IdeaProjects\SQL-ORM_Hibernate_DAO\target\classes;C:\Users\Max\.m2\repository\org\springframework\boot\spring-boot-starter-data-jpa\2.7.5\spring-boot-starter-data-jpa-2.7.5.jar;C:\Users\Max\.m2\repository\org\springframework\boot\spring-boot-starter-aop\2.7.5\spring-boot-starter-aop-2.7.5.jar;C:\Users\Max\.m2\repository\org\springframework\spring-aop\5.3.23\spring-aop-5.3.23.jar;C:\Users\Max\.m2\repository\org\aspectj\aspectjweaver\1.9.7\aspectjweaver-1.9.7.jar;C:\Users\Max\.m2\repository\org\springframework\boot\spring-boot-starter-jdbc\2.7.5\spring-boot-starter-jdbc-2.7.5.jar;C:\Users\Max\.m2\repository\com\zaxxer\HikariCP\4.0.3\HikariCP-4.0.3.jar;C:\Users\Max\.m2\repository\org\springframework\spring-jdbc\5.3.23\spring-jdbc-5.3.23.jar;C:\Users\Max\.m2\repository\jakarta\transaction\jakarta.transaction-api\1.3.3\jakarta.transaction-api-1.3.3.jar;C:\Users\Max\.m2\repository\jakarta\persistence\jakarta.persistence-api\2.2.3\jakarta.persistence-api-2.2.3.jar;C:\Users\Max\.m2\repository\org\hibernate\hibernate-core\5.6.12.Final\hibernate-core-5.6.12.Final.jar;C:\Users\Max\.m2\repository\org\jboss\logging\jboss-logging\3.4.3.Final\jboss-logging-3.4.3.Final.jar;C:\Users\Max\.m2\repository\net\bytebuddy\byte-buddy\1.12.18\byte-buddy-1.12.18.jar;C:\Users\Max\.m2\repository\antlr\antlr\2.7.7\antlr-2.7.7.jar;C:\Users\Max\.m2\repository\org\jboss\jandex\2.4.2.Final\jandex-2.4.2.Final.jar;C:\Users\Max\.m2\repository\com\fasterxml\classmate\1.5.1\classmate-1.5.1.jar;C:\Users\Max\.m2\repository\org\hibernate\common\hibernate-commons-annotations\5.1.2.Final\hibernate-commons-annotations-5.1.2.Final.jar;C:\Users\Max\.m2\repository\org\glassfish\jaxb\jaxb-runtime\2.3.7\jaxb-runtime-2.3.7.jar;C:\Users\Max\.m2\repository\org\glassfish\jaxb\txw2\2.3.7\txw2-2.3.7.jar;C:\Users\Max\.m2\repository\com\sun\istack\istack-commons-runtime\3.0.12\istack-commons-runtime-3.0.12.jar;C:\Users\Max\.m2\repository\com\sun\activation\jakarta.activation\1.2.2\
Launcher Type: SUN_STANDARD

[Global flags]
     bool BytecodeVerificationLocal                = false                                     {product} {command line}
     bool BytecodeVerificationRemote               = false                                     {product} {command line}
     intx CICompilerCount                          = 3                                         {product} {ergonomic}
     uint ConcGCThreads                            = 1                                         {product} {ergonomic}
     uint G1ConcRefinementThreads                  = 4                                         {product} {ergonomic}
   size_t G1HeapRegionSize                         = 1048576                                   {product} {ergonomic}
    uintx GCDrainStackTargetSize                   = 64                                        {product} {ergonomic}
   size_t InitialHeapSize                          = 134217728                                 {product} {ergonomic}
     bool ManagementServer                         = true                                      {product} {command line}
   size_t MarkStackSize                            = 4194304                                   {product} {ergonomic}
   size_t MaxHeapSize                              = 2128609280                                {product} {ergonomic}
   size_t MaxNewSize                               = 1277165568                                {product} {ergonomic}
   size_t MinHeapDeltaBytes                        = 1048576                                   {product} {ergonomic}
    uintx NonNMethodCodeHeapSize                   = 6973028                                {pd product} {ergonomic}
    uintx NonProfiledCodeHeapSize                  = 244685212                              {pd product} {ergonomic}
    uintx ProfiledCodeHeapSize                     = 0                                      {pd product} {ergonomic}
    uintx ReservedCodeCacheSize                    = 251658240                              {pd product} {ergonomic}
     bool SegmentedCodeCache                       = true                                      {product} {ergonomic}
     intx TieredStopAtLevel                        = 1                                         {product} {command line}
     bool UseCompressedClassPointers               = true                                 {lp64_product} {ergonomic}
     bool UseCompressedOops                        = true                                 {lp64_product} {ergonomic}
     bool UseG1GC                                  = true                                      {product} {ergonomic}
     bool UseLargePagesIndividualAllocation        = false                                  {pd product} {ergonomic}

Logging:
Log output configuration:
 #0: stdout all=warning uptime,level,tags
 #1: stderr all=off uptime,level,tags

Environment Variables:
JAVA_HOME=C:\Program Files\Java\jdk18
PATH=C:\WINDOWS\System32;C:\WINDOWS\System32
USERNAME=Max
OS=Windows_NT
PROCESSOR_IDENTIFIER=Intel64 Family 6 Model 69 Stepping 1, GenuineIntel



---------------  S Y S T E M  ---------------

OS: Windows 8.1 , 64 bit Build 9600 (6.3.9600.20625)
OS uptime: 0 days 2:19 hours

CPU:total 4 (initial active 4) (2 cores per cpu, 2 threads per core) family 6 model 69 stepping 1 microcode 0x18, cmov, cx8, fxsr, mmx, sse, sse2, sse3, ssse3, sse4.1, sse4.2, popcnt, avx, avx2, aes, clmul, erms, lzcnt, ht, tsc, tscinvbit, bmi1, bmi2, fma

Memory: 4k page, system-wide physical 8115M (874M free)
TotalPageFile size 8115M (AvailPageFile size 29M)
current process WorkingSet (physical memory assigned to process): 218M, peak: 218M
current process commit charge ("private bytes"): 295M, peak: 336M

vm_info: OpenJDK 64-Bit Server VM (11.0.13+8-LTS) for windows-amd64 JRE (11.0.13+8-LTS), built on Oct 13 2021 21:32:06 by "Administrator" with unknown MS VC++:1916

END.
